[2026-04-27T04:01:47.734+0000] {manager.py:469} INFO - Processing files using up to 2 processes at a time 
[2026-04-27T04:01:47.735+0000] {manager.py:470} INFO - Process each file at most once every 30 seconds
[2026-04-27T04:01:47.735+0000] {manager.py:471} INFO - Checking for new files in /opt/airflow/dags every 300 seconds
[2026-04-27T04:01:47.735+0000] {manager.py:738} INFO - Searching for files in /opt/airflow/dags
[2026-04-27T04:01:47.736+0000] {manager.py:741} INFO - There are 0 files in /opt/airflow/dags
[2026-04-27T04:06:47.958+0000] {manager.py:738} INFO - Searching for files in /opt/airflow/dags
[2026-04-27T04:06:47.962+0000] {manager.py:741} INFO - There are 0 files in /opt/airflow/dags
[2026-04-27T04:11:48.273+0000] {manager.py:738} INFO - Searching for files in /opt/airflow/dags
[2026-04-27T04:11:48.276+0000] {manager.py:741} INFO - There are 0 files in /opt/airflow/dags
[2026-04-27T04:16:48.646+0000] {manager.py:738} INFO - Searching for files in /opt/airflow/dags
[2026-04-27T04:16:48.648+0000] {manager.py:741} INFO - There are 0 files in /opt/airflow/dags
[2026-04-27T04:21:48.835+0000] {manager.py:738} INFO - Searching for files in /opt/airflow/dags
[2026-04-27T04:21:48.839+0000] {manager.py:741} INFO - There are 0 files in /opt/airflow/dags
[2026-04-27T04:26:48.993+0000] {manager.py:738} INFO - Searching for files in /opt/airflow/dags
[2026-04-27T04:26:48.995+0000] {manager.py:741} INFO - There are 0 files in /opt/airflow/dags
[2026-04-27T04:31:49.226+0000] {manager.py:738} INFO - Searching for files in /opt/airflow/dags
[2026-04-27T04:31:49.229+0000] {manager.py:741} INFO - There are 0 files in /opt/airflow/dags
[2026-04-27T04:36:49.537+0000] {manager.py:738} INFO - Searching for files in /opt/airflow/dags
[2026-04-27T04:36:49.539+0000] {manager.py:741} INFO - There are 0 files in /opt/airflow/dags
[2026-04-27T04:41:49.672+0000] {manager.py:738} INFO - Searching for files in /opt/airflow/dags
[2026-04-27T04:41:49.675+0000] {manager.py:741} INFO - There are 0 files in /opt/airflow/dags
[2026-04-27T04:45:32.111+0000] {manager.py:451} INFO - Exiting gracefully upon receiving signal 15
[2026-04-27T04:45:45.156+0000] {manager.py:469} INFO - Processing files using up to 2 processes at a time 
[2026-04-27T04:45:45.160+0000] {manager.py:470} INFO - Process each file at most once every 30 seconds
[2026-04-27T04:45:45.163+0000] {manager.py:471} INFO - Checking for new files in /opt/airflow/dags every 300 seconds
[2026-04-27T04:45:45.166+0000] {manager.py:738} INFO - Searching for files in /opt/airflow/dags
[2026-04-27T04:45:45.174+0000] {manager.py:741} INFO - There are 0 files in /opt/airflow/dags
[2026-04-27T04:50:45.233+0000] {manager.py:738} INFO - Searching for files in /opt/airflow/dags
[2026-04-27T04:50:45.237+0000] {manager.py:741} INFO - There are 1 files in /opt/airflow/dags
[2026-04-27T04:50:47.285+0000] {manager.py:879} INFO - 
================================================================================
DAG File Processing Stats

File Path                                 PID    Runtime      # DAGs    # Errors  Last Runtime    Last Run
----------------------------------------  -----  ---------  --------  ----------  --------------  -------------------
/opt/airflow/dags/ingest_stock_prices.py                           1           0  0.47s           2026-04-27T04:50:45
================================================================================
[2026-04-27T04:51:17.921+0000] {manager.py:879} INFO - 
================================================================================
DAG File Processing Stats

File Path                                 PID    Runtime      # DAGs    # Errors  Last Runtime    Last Run
----------------------------------------  -----  ---------  --------  ----------  --------------  -------------------
/opt/airflow/dags/ingest_stock_prices.py                           1           0  0.29s           2026-04-27T04:51:16
================================================================================
[2026-04-27T04:51:48.407+0000] {manager.py:879} INFO - 
================================================================================
DAG File Processing Stats

File Path                                 PID    Runtime      # DAGs    # Errors  Last Runtime    Last Run
----------------------------------------  -----  ---------  --------  ----------  --------------  -------------------
/opt/airflow/dags/ingest_stock_prices.py                           1           0  0.26s           2026-04-27T04:51:46
================================================================================
[2026-04-27T04:52:18.857+0000] {manager.py:879} INFO - 
================================================================================
DAG File Processing Stats

File Path                                 PID    Runtime      # DAGs    # Errors  Last Runtime    Last Run
----------------------------------------  -----  ---------  --------  ----------  --------------  -------------------
/opt/airflow/dags/ingest_stock_prices.py                           1           0  0.25s           2026-04-27T04:52:17
================================================================================
[2026-04-27T04:52:49.305+0000] {manager.py:879} INFO - 
================================================================================
DAG File Processing Stats

File Path                                 PID    Runtime      # DAGs    # Errors  Last Runtime    Last Run
----------------------------------------  -----  ---------  --------  ----------  --------------  -------------------
/opt/airflow/dags/ingest_stock_prices.py                           1           0  0.38s           2026-04-27T04:52:47
================================================================================
[2026-04-27T04:53:19.855+0000] {manager.py:879} INFO - 
================================================================================
DAG File Processing Stats

File Path                                 PID    Runtime      # DAGs    # Errors  Last Runtime    Last Run
----------------------------------------  -----  ---------  --------  ----------  --------------  -------------------
/opt/airflow/dags/ingest_stock_prices.py                           1           0  0.23s           2026-04-27T04:53:18
================================================================================
[2026-04-27T04:53:50.268+0000] {manager.py:879} INFO - 
================================================================================
DAG File Processing Stats

File Path                                 PID    Runtime      # DAGs    # Errors  Last Runtime    Last Run
----------------------------------------  -----  ---------  --------  ----------  --------------  -------------------
/opt/airflow/dags/ingest_stock_prices.py                           1           0  0.19s           2026-04-27T04:53:48
================================================================================
[2026-04-27T04:54:20.643+0000] {manager.py:879} INFO - 
================================================================================
DAG File Processing Stats

File Path                                 PID    Runtime      # DAGs    # Errors  Last Runtime    Last Run
----------------------------------------  -----  ---------  --------  ----------  --------------  -------------------
/opt/airflow/dags/ingest_stock_prices.py                           1           0  0.28s           2026-04-27T04:54:18
================================================================================
[2026-04-27T04:54:50.959+0000] {manager.py:879} INFO - 
================================================================================
DAG File Processing Stats

File Path                                 PID    Runtime      # DAGs    # Errors  Last Runtime    Last Run
----------------------------------------  -----  ---------  --------  ----------  --------------  -------------------
/opt/airflow/dags/ingest_stock_prices.py                           1           0  0.17s           2026-04-27T04:54:49
================================================================================
[2026-04-27T04:55:21.191+0000] {manager.py:879} INFO - 
================================================================================
DAG File Processing Stats

File Path                                 PID    Runtime      # DAGs    # Errors  Last Runtime    Last Run
----------------------------------------  -----  ---------  --------  ----------  --------------  -------------------
/opt/airflow/dags/ingest_stock_prices.py                           1           0  0.18s           2026-04-27T04:55:19
================================================================================
[2026-04-27T04:55:45.350+0000] {manager.py:738} INFO - Searching for files in /opt/airflow/dags
[2026-04-27T04:55:45.355+0000] {manager.py:741} INFO - There are 1 files in /opt/airflow/dags
[2026-04-27T04:55:51.517+0000] {manager.py:879} INFO - 
================================================================================
DAG File Processing Stats

File Path                                 PID    Runtime      # DAGs    # Errors  Last Runtime    Last Run
----------------------------------------  -----  ---------  --------  ----------  --------------  -------------------
/opt/airflow/dags/ingest_stock_prices.py                           1           0  0.28s           2026-04-27T04:55:49
================================================================================
[2026-04-27T04:56:21.906+0000] {manager.py:879} INFO - 
================================================================================
DAG File Processing Stats

File Path                                 PID    Runtime      # DAGs    # Errors  Last Runtime    Last Run
----------------------------------------  -----  ---------  --------  ----------  --------------  -------------------
/opt/airflow/dags/ingest_stock_prices.py                           1           0  0.22s           2026-04-27T04:56:19
================================================================================
[2026-04-27T04:56:52.191+0000] {manager.py:879} INFO - 
================================================================================
DAG File Processing Stats

File Path                                 PID    Runtime      # DAGs    # Errors  Last Runtime    Last Run
----------------------------------------  -----  ---------  --------  ----------  --------------  -------------------
/opt/airflow/dags/ingest_stock_prices.py                           1           0  0.25s           2026-04-27T04:56:50
================================================================================
[2026-04-27T04:57:22.646+0000] {manager.py:879} INFO - 
================================================================================
DAG File Processing Stats

File Path                                 PID    Runtime      # DAGs    # Errors  Last Runtime    Last Run
----------------------------------------  -----  ---------  --------  ----------  --------------  -------------------
/opt/airflow/dags/ingest_stock_prices.py                           1           0  0.24s           2026-04-27T04:57:20
================================================================================
[2026-04-27T04:57:53.048+0000] {manager.py:879} INFO - 
================================================================================
DAG File Processing Stats

File Path                                 PID    Runtime      # DAGs    # Errors  Last Runtime    Last Run
----------------------------------------  -----  ---------  --------  ----------  --------------  -------------------
/opt/airflow/dags/ingest_stock_prices.py                           1           0  0.28s           2026-04-27T04:57:51
================================================================================
[2026-04-27T04:58:23.307+0000] {manager.py:879} INFO - 
================================================================================
DAG File Processing Stats

File Path                                 PID    Runtime      # DAGs    # Errors  Last Runtime    Last Run
----------------------------------------  -----  ---------  --------  ----------  --------------  -------------------
/opt/airflow/dags/ingest_stock_prices.py                           1           0  0.26s           2026-04-27T04:58:21
================================================================================
[2026-04-27T04:58:53.668+0000] {manager.py:879} INFO - 
================================================================================
DAG File Processing Stats

File Path                                 PID    Runtime      # DAGs    # Errors  Last Runtime    Last Run
----------------------------------------  -----  ---------  --------  ----------  --------------  -------------------
/opt/airflow/dags/ingest_stock_prices.py                           1           0  0.30s           2026-04-27T04:58:51
================================================================================
[2026-04-27T04:59:24.010+0000] {manager.py:879} INFO - 
================================================================================
DAG File Processing Stats

File Path                                 PID    Runtime      # DAGs    # Errors  Last Runtime    Last Run
----------------------------------------  -----  ---------  --------  ----------  --------------  -------------------
/opt/airflow/dags/ingest_stock_prices.py                           1           0  0.28s           2026-04-27T04:59:22
================================================================================
[2026-04-27T04:59:54.317+0000] {manager.py:879} INFO - 
================================================================================
DAG File Processing Stats

File Path                                 PID    Runtime      # DAGs    # Errors  Last Runtime    Last Run
----------------------------------------  -----  ---------  --------  ----------  --------------  -------------------
/opt/airflow/dags/ingest_stock_prices.py                           1           0  0.21s           2026-04-27T04:59:52
================================================================================
[2026-04-27T05:00:24.629+0000] {manager.py:879} INFO - 
================================================================================
DAG File Processing Stats

File Path                                 PID    Runtime      # DAGs    # Errors  Last Runtime    Last Run
----------------------------------------  -----  ---------  --------  ----------  --------------  -------------------
/opt/airflow/dags/ingest_stock_prices.py                           1           0  0.34s           2026-04-27T05:00:22
================================================================================
[2026-04-27T05:00:45.769+0000] {manager.py:738} INFO - Searching for files in /opt/airflow/dags
[2026-04-27T05:00:45.773+0000] {manager.py:741} INFO - There are 1 files in /opt/airflow/dags
[2026-04-27T05:00:55.049+0000] {manager.py:879} INFO - 
================================================================================
DAG File Processing Stats

File Path                                 PID    Runtime      # DAGs    # Errors  Last Runtime    Last Run
----------------------------------------  -----  ---------  --------  ----------  --------------  -------------------
/opt/airflow/dags/ingest_stock_prices.py                           1           0  0.31s           2026-04-27T05:00:53
================================================================================
[2026-04-27T05:01:25.485+0000] {manager.py:879} INFO - 
================================================================================
DAG File Processing Stats

File Path                                 PID    Runtime      # DAGs    # Errors  Last Runtime    Last Run
----------------------------------------  -----  ---------  --------  ----------  --------------  -------------------
/opt/airflow/dags/ingest_stock_prices.py                           1           0  0.19s           2026-04-27T05:01:23
================================================================================
[2026-04-27T05:01:54.701+0000] {manager.py:451} INFO - Exiting gracefully upon receiving signal 15
[2026-04-27T05:02:07.274+0000] {manager.py:469} INFO - Processing files using up to 2 processes at a time 
[2026-04-27T05:02:07.274+0000] {manager.py:470} INFO - Process each file at most once every 30 seconds
[2026-04-27T05:02:07.275+0000] {manager.py:471} INFO - Checking for new files in /opt/airflow/dags every 300 seconds
[2026-04-27T05:02:07.275+0000] {manager.py:738} INFO - Searching for files in /opt/airflow/dags
[2026-04-27T05:02:07.276+0000] {manager.py:741} INFO - There are 1 files in /opt/airflow/dags
[2026-04-27T05:02:07.307+0000] {manager.py:879} INFO - 
================================================================================
DAG File Processing Stats

File Path                                   PID  Runtime      # DAGs    # Errors  Last Runtime    Last Run
----------------------------------------  -----  ---------  --------  ----------  --------------  ----------
/opt/airflow/dags/ingest_stock_prices.py    166  0.01s             0           0
================================================================================
[2026-04-27T05:02:37.527+0000] {manager.py:879} INFO - 
================================================================================
DAG File Processing Stats

File Path                                   PID  Runtime      # DAGs    # Errors  Last Runtime    Last Run
----------------------------------------  -----  ---------  --------  ----------  --------------  -------------------
/opt/airflow/dags/ingest_stock_prices.py    171  0.01s             0           1  0.04s           2026-04-27T05:02:07
================================================================================
[2026-04-27T05:03:07.794+0000] {manager.py:879} INFO - 
================================================================================
DAG File Processing Stats

File Path                                   PID  Runtime      # DAGs    # Errors  Last Runtime    Last Run
----------------------------------------  -----  ---------  --------  ----------  --------------  -------------------
/opt/airflow/dags/ingest_stock_prices.py    176  0.01s             0           1  0.05s           2026-04-27T05:02:37
================================================================================
[2026-04-27T05:03:38.032+0000] {manager.py:879} INFO - 
================================================================================
DAG File Processing Stats

File Path                                   PID  Runtime      # DAGs    # Errors  Last Runtime    Last Run
----------------------------------------  -----  ---------  --------  ----------  --------------  -------------------
/opt/airflow/dags/ingest_stock_prices.py    181  0.00s             0           1  0.04s           2026-04-27T05:03:07
================================================================================
[2026-04-27T05:04:08.280+0000] {manager.py:879} INFO - 
================================================================================
DAG File Processing Stats

File Path                                 PID    Runtime      # DAGs    # Errors  Last Runtime    Last Run
----------------------------------------  -----  ---------  --------  ----------  --------------  -------------------
/opt/airflow/dags/ingest_stock_prices.py                           1           0  0.20s           2026-04-27T05:03:43
================================================================================
[2026-04-27T05:04:38.515+0000] {manager.py:879} INFO - 
================================================================================
DAG File Processing Stats

File Path                                 PID    Runtime      # DAGs    # Errors  Last Runtime    Last Run
----------------------------------------  -----  ---------  --------  ----------  --------------  -------------------
/opt/airflow/dags/ingest_stock_prices.py                           1           0  0.07s           2026-04-27T05:04:13
================================================================================
[2026-04-27T05:05:08.757+0000] {manager.py:879} INFO - 
================================================================================
DAG File Processing Stats

File Path                                 PID    Runtime      # DAGs    # Errors  Last Runtime    Last Run
----------------------------------------  -----  ---------  --------  ----------  --------------  -------------------
/opt/airflow/dags/ingest_stock_prices.py                           1           0  0.08s           2026-04-27T05:04:43
================================================================================
[2026-04-27T05:05:39.007+0000] {manager.py:879} INFO - 
================================================================================
DAG File Processing Stats

File Path                                 PID    Runtime      # DAGs    # Errors  Last Runtime    Last Run
----------------------------------------  -----  ---------  --------  ----------  --------------  -------------------
/opt/airflow/dags/ingest_stock_prices.py                           1           0  0.07s           2026-04-27T05:05:13
================================================================================
[2026-04-27T05:06:09.253+0000] {manager.py:879} INFO - 
================================================================================
DAG File Processing Stats

File Path                                 PID    Runtime      # DAGs    # Errors  Last Runtime    Last Run
----------------------------------------  -----  ---------  --------  ----------  --------------  -------------------
/opt/airflow/dags/ingest_stock_prices.py                           1           0  0.09s           2026-04-27T05:05:44
================================================================================
[2026-04-27T05:06:39.485+0000] {manager.py:879} INFO - 
================================================================================
DAG File Processing Stats

File Path                                 PID    Runtime      # DAGs    # Errors  Last Runtime    Last Run
----------------------------------------  -----  ---------  --------  ----------  --------------  -------------------
/opt/airflow/dags/ingest_stock_prices.py                           1           0  0.06s           2026-04-27T05:06:14
================================================================================
[2026-04-27T05:07:07.710+0000] {manager.py:738} INFO - Searching for files in /opt/airflow/dags
[2026-04-27T05:07:07.715+0000] {manager.py:741} INFO - There are 1 files in /opt/airflow/dags
[2026-04-27T05:07:09.736+0000] {manager.py:879} INFO - 
================================================================================
DAG File Processing Stats

File Path                                 PID    Runtime      # DAGs    # Errors  Last Runtime    Last Run
----------------------------------------  -----  ---------  --------  ----------  --------------  -------------------
/opt/airflow/dags/ingest_stock_prices.py                           1           0  0.06s           2026-04-27T05:06:44
================================================================================
[2026-04-27T05:07:39.965+0000] {manager.py:879} INFO - 
================================================================================
DAG File Processing Stats

File Path                                 PID    Runtime      # DAGs    # Errors  Last Runtime    Last Run
----------------------------------------  -----  ---------  --------  ----------  --------------  -------------------
/opt/airflow/dags/ingest_stock_prices.py                           1           0  0.06s           2026-04-27T05:07:14
================================================================================
[2026-04-27T05:08:10.203+0000] {manager.py:879} INFO - 
================================================================================
DAG File Processing Stats

File Path                                 PID    Runtime      # DAGs    # Errors  Last Runtime    Last Run
----------------------------------------  -----  ---------  --------  ----------  --------------  -------------------
/opt/airflow/dags/ingest_stock_prices.py                           1           0  0.08s           2026-04-27T05:07:45
================================================================================
[2026-04-27T05:08:40.446+0000] {manager.py:879} INFO - 
================================================================================
DAG File Processing Stats

File Path                                 PID    Runtime      # DAGs    # Errors  Last Runtime    Last Run
----------------------------------------  -----  ---------  --------  ----------  --------------  -------------------
/opt/airflow/dags/ingest_stock_prices.py                           1           0  0.09s           2026-04-27T05:08:15
================================================================================
[2026-04-27T05:09:10.707+0000] {manager.py:879} INFO - 
================================================================================
DAG File Processing Stats

File Path                                 PID    Runtime      # DAGs    # Errors  Last Runtime    Last Run
----------------------------------------  -----  ---------  --------  ----------  --------------  -------------------
/opt/airflow/dags/ingest_stock_prices.py                           1           0  0.08s           2026-04-27T05:08:45
================================================================================
[2026-04-27T05:09:40.949+0000] {manager.py:879} INFO - 
================================================================================
DAG File Processing Stats

File Path                                 PID    Runtime      # DAGs    # Errors  Last Runtime    Last Run
----------------------------------------  -----  ---------  --------  ----------  --------------  -------------------
/opt/airflow/dags/ingest_stock_prices.py                           1           0  0.09s           2026-04-27T05:09:15
================================================================================
[2026-04-27T05:10:11.190+0000] {manager.py:879} INFO - 
================================================================================
DAG File Processing Stats

File Path                                 PID    Runtime      # DAGs    # Errors  Last Runtime    Last Run
----------------------------------------  -----  ---------  --------  ----------  --------------  -------------------
/opt/airflow/dags/ingest_stock_prices.py                           1           0  0.06s           2026-04-27T05:09:46
================================================================================
[2026-04-27T05:10:41.486+0000] {manager.py:879} INFO - 
================================================================================
DAG File Processing Stats

File Path                                 PID    Runtime      # DAGs    # Errors  Last Runtime    Last Run
----------------------------------------  -----  ---------  --------  ----------  --------------  -------------------
/opt/airflow/dags/ingest_stock_prices.py                           1           0  0.10s           2026-04-27T05:10:16
================================================================================
[2026-04-27T05:11:11.708+0000] {manager.py:879} INFO - 
================================================================================
DAG File Processing Stats

File Path                                 PID    Runtime      # DAGs    # Errors  Last Runtime    Last Run
----------------------------------------  -----  ---------  --------  ----------  --------------  -------------------
/opt/airflow/dags/ingest_stock_prices.py                           1           0  0.06s           2026-04-27T05:10:46
================================================================================
[2026-04-27T05:11:41.934+0000] {manager.py:879} INFO - 
================================================================================
DAG File Processing Stats

File Path                                 PID    Runtime      # DAGs    # Errors  Last Runtime    Last Run
----------------------------------------  -----  ---------  --------  ----------  --------------  -------------------
/opt/airflow/dags/ingest_stock_prices.py                           1           0  0.07s           2026-04-27T05:11:16
================================================================================
[2026-04-27T05:12:08.140+0000] {manager.py:738} INFO - Searching for files in /opt/airflow/dags
[2026-04-27T05:12:08.143+0000] {manager.py:741} INFO - There are 1 files in /opt/airflow/dags
[2026-04-27T05:12:12.177+0000] {manager.py:879} INFO - 
================================================================================
DAG File Processing Stats

File Path                                 PID    Runtime      # DAGs    # Errors  Last Runtime    Last Run
----------------------------------------  -----  ---------  --------  ----------  --------------  -------------------
/opt/airflow/dags/ingest_stock_prices.py                           1           0  0.07s           2026-04-27T05:11:47
================================================================================
[2026-04-27T05:12:42.424+0000] {manager.py:879} INFO - 
================================================================================
DAG File Processing Stats

File Path                                 PID    Runtime      # DAGs    # Errors  Last Runtime    Last Run
----------------------------------------  -----  ---------  --------  ----------  --------------  -------------------
/opt/airflow/dags/ingest_stock_prices.py                           1           0  0.08s           2026-04-27T05:12:17
================================================================================
[2026-04-27T05:13:12.636+0000] {manager.py:879} INFO - 
================================================================================
DAG File Processing Stats

File Path                                 PID    Runtime      # DAGs    # Errors  Last Runtime    Last Run
----------------------------------------  -----  ---------  --------  ----------  --------------  -------------------
/opt/airflow/dags/ingest_stock_prices.py                           1           0  0.07s           2026-04-27T05:12:47
================================================================================
[2026-04-27T05:13:42.876+0000] {manager.py:879} INFO - 
================================================================================
DAG File Processing Stats

File Path                                 PID    Runtime      # DAGs    # Errors  Last Runtime    Last Run
----------------------------------------  -----  ---------  --------  ----------  --------------  -------------------
/opt/airflow/dags/ingest_stock_prices.py                           1           0  0.07s           2026-04-27T05:13:17
================================================================================
[2026-04-27T05:14:13.124+0000] {manager.py:879} INFO - 
================================================================================
DAG File Processing Stats

File Path                                 PID    Runtime      # DAGs    # Errors  Last Runtime    Last Run
----------------------------------------  -----  ---------  --------  ----------  --------------  -------------------
/opt/airflow/dags/ingest_stock_prices.py                           1           0  0.07s           2026-04-27T05:13:47
================================================================================
[2026-04-27T05:14:43.367+0000] {manager.py:879} INFO - 
================================================================================
DAG File Processing Stats

File Path                                 PID    Runtime      # DAGs    # Errors  Last Runtime    Last Run
----------------------------------------  -----  ---------  --------  ----------  --------------  -------------------
/opt/airflow/dags/ingest_stock_prices.py                           1           0  0.09s           2026-04-27T05:14:18
================================================================================
[2026-04-27T05:15:13.624+0000] {manager.py:879} INFO - 
================================================================================
DAG File Processing Stats

File Path                                 PID    Runtime      # DAGs    # Errors  Last Runtime    Last Run
----------------------------------------  -----  ---------  --------  ----------  --------------  -------------------
/opt/airflow/dags/ingest_stock_prices.py                           1           0  0.07s           2026-04-27T05:14:48
================================================================================
[2026-04-27T05:15:43.864+0000] {manager.py:879} INFO - 
================================================================================
DAG File Processing Stats

File Path                                 PID    Runtime      # DAGs    # Errors  Last Runtime    Last Run
----------------------------------------  -----  ---------  --------  ----------  --------------  -------------------
/opt/airflow/dags/ingest_stock_prices.py                           1           0  0.07s           2026-04-27T05:15:18
================================================================================
[2026-04-27T05:16:14.115+0000] {manager.py:879} INFO - 
================================================================================
DAG File Processing Stats

File Path                                 PID    Runtime      # DAGs    # Errors  Last Runtime    Last Run
----------------------------------------  -----  ---------  --------  ----------  --------------  -------------------
/opt/airflow/dags/ingest_stock_prices.py                           1           0  0.07s           2026-04-27T05:15:48
================================================================================
[2026-04-27T05:16:44.340+0000] {manager.py:879} INFO - 
================================================================================
DAG File Processing Stats

File Path                                 PID    Runtime      # DAGs    # Errors  Last Runtime    Last Run
----------------------------------------  -----  ---------  --------  ----------  --------------  -------------------
/opt/airflow/dags/ingest_stock_prices.py                           1           0  0.07s           2026-04-27T05:16:19
================================================================================
[2026-04-27T05:17:08.527+0000] {manager.py:738} INFO - Searching for files in /opt/airflow/dags
[2026-04-27T05:17:08.533+0000] {manager.py:741} INFO - There are 1 files in /opt/airflow/dags
[2026-04-27T05:17:14.585+0000] {manager.py:879} INFO - 
================================================================================
DAG File Processing Stats

File Path                                 PID    Runtime      # DAGs    # Errors  Last Runtime    Last Run
----------------------------------------  -----  ---------  --------  ----------  --------------  -------------------
/opt/airflow/dags/ingest_stock_prices.py                           1           0  0.06s           2026-04-27T05:16:49
================================================================================
[2026-04-27T05:17:44.821+0000] {manager.py:879} INFO - 
================================================================================
DAG File Processing Stats

File Path                                 PID    Runtime      # DAGs    # Errors  Last Runtime    Last Run
----------------------------------------  -----  ---------  --------  ----------  --------------  -------------------
/opt/airflow/dags/ingest_stock_prices.py                           1           0  0.07s           2026-04-27T05:17:19
================================================================================
[2026-04-27T05:18:15.071+0000] {manager.py:879} INFO - 
================================================================================
DAG File Processing Stats

File Path                                 PID    Runtime      # DAGs    # Errors  Last Runtime    Last Run
----------------------------------------  -----  ---------  --------  ----------  --------------  -------------------
/opt/airflow/dags/ingest_stock_prices.py                           1           0  0.07s           2026-04-27T05:17:49
================================================================================
[2026-04-27T05:18:45.324+0000] {manager.py:879} INFO - 
================================================================================
DAG File Processing Stats

File Path                                 PID    Runtime      # DAGs    # Errors  Last Runtime    Last Run
----------------------------------------  -----  ---------  --------  ----------  --------------  -------------------
/opt/airflow/dags/ingest_stock_prices.py                           1           0  0.08s           2026-04-27T05:18:20
================================================================================
[2026-04-27T05:19:15.585+0000] {manager.py:879} INFO - 
================================================================================
DAG File Processing Stats

File Path                                 PID    Runtime      # DAGs    # Errors  Last Runtime    Last Run
----------------------------------------  -----  ---------  --------  ----------  --------------  -------------------
/opt/airflow/dags/ingest_stock_prices.py                           1           0  0.07s           2026-04-27T05:18:50
================================================================================
[2026-04-27T05:19:45.830+0000] {manager.py:879} INFO - 
================================================================================
DAG File Processing Stats

File Path                                 PID    Runtime      # DAGs    # Errors  Last Runtime    Last Run
----------------------------------------  -----  ---------  --------  ----------  --------------  -------------------
/opt/airflow/dags/ingest_stock_prices.py                           1           0  0.07s           2026-04-27T05:19:20
================================================================================
[2026-04-27T05:20:16.083+0000] {manager.py:879} INFO - 
================================================================================
DAG File Processing Stats

File Path                                 PID    Runtime      # DAGs    # Errors  Last Runtime    Last Run
----------------------------------------  -----  ---------  --------  ----------  --------------  -------------------
/opt/airflow/dags/ingest_stock_prices.py                           1           0  0.07s           2026-04-27T05:19:50
================================================================================
[2026-04-27T05:20:46.299+0000] {manager.py:879} INFO - 
================================================================================
DAG File Processing Stats

File Path                                 PID    Runtime      # DAGs    # Errors  Last Runtime    Last Run
----------------------------------------  -----  ---------  --------  ----------  --------------  -------------------
/opt/airflow/dags/ingest_stock_prices.py                           1           0  0.05s           2026-04-27T05:20:21
================================================================================
[2026-04-27T05:21:16.513+0000] {manager.py:879} INFO - 
================================================================================
DAG File Processing Stats

File Path                                 PID    Runtime      # DAGs    # Errors  Last Runtime    Last Run
----------------------------------------  -----  ---------  --------  ----------  --------------  -------------------
/opt/airflow/dags/ingest_stock_prices.py                           1           0  0.06s           2026-04-27T05:20:51
================================================================================
[2026-04-27T05:21:46.725+0000] {manager.py:879} INFO - 
================================================================================
DAG File Processing Stats

File Path                                 PID    Runtime      # DAGs    # Errors  Last Runtime    Last Run
----------------------------------------  -----  ---------  --------  ----------  --------------  -------------------
/opt/airflow/dags/ingest_stock_prices.py                           1           0  0.06s           2026-04-27T05:21:21
================================================================================
[2026-04-27T05:22:08.883+0000] {manager.py:738} INFO - Searching for files in /opt/airflow/dags
[2026-04-27T05:22:08.888+0000] {manager.py:741} INFO - There are 1 files in /opt/airflow/dags
[2026-04-27T05:22:16.953+0000] {manager.py:879} INFO - 
================================================================================
DAG File Processing Stats

File Path                                 PID    Runtime      # DAGs    # Errors  Last Runtime    Last Run
----------------------------------------  -----  ---------  --------  ----------  --------------  -------------------
/opt/airflow/dags/ingest_stock_prices.py                           1           0  0.08s           2026-04-27T05:21:51
================================================================================
[2026-04-27T05:22:47.184+0000] {manager.py:879} INFO - 
================================================================================
DAG File Processing Stats

File Path                                 PID    Runtime      # DAGs    # Errors  Last Runtime    Last Run
----------------------------------------  -----  ---------  --------  ----------  --------------  -------------------
/opt/airflow/dags/ingest_stock_prices.py                           1           0  0.05s           2026-04-27T05:22:22
================================================================================
[2026-04-27T05:23:17.383+0000] {manager.py:879} INFO - 
================================================================================
DAG File Processing Stats

File Path                                 PID    Runtime      # DAGs    # Errors  Last Runtime    Last Run
----------------------------------------  -----  ---------  --------  ----------  --------------  -------------------
/opt/airflow/dags/ingest_stock_prices.py                           1           0  0.07s           2026-04-27T05:22:52
================================================================================
[2026-04-27T05:23:47.608+0000] {manager.py:879} INFO - 
================================================================================
DAG File Processing Stats

File Path                                 PID    Runtime      # DAGs    # Errors  Last Runtime    Last Run
----------------------------------------  -----  ---------  --------  ----------  --------------  -------------------
/opt/airflow/dags/ingest_stock_prices.py                           1           0  0.06s           2026-04-27T05:23:22
================================================================================
[2026-04-27T05:24:17.802+0000] {manager.py:879} INFO - 
================================================================================
DAG File Processing Stats

File Path                                 PID    Runtime      # DAGs    # Errors  Last Runtime    Last Run
----------------------------------------  -----  ---------  --------  ----------  --------------  -------------------
/opt/airflow/dags/ingest_stock_prices.py                           1           0  0.06s           2026-04-27T05:23:52
================================================================================
[2026-04-27T05:24:48.029+0000] {manager.py:879} INFO - 
================================================================================
DAG File Processing Stats

File Path                                 PID    Runtime      # DAGs    # Errors  Last Runtime    Last Run
----------------------------------------  -----  ---------  --------  ----------  --------------  -------------------
/opt/airflow/dags/ingest_stock_prices.py                           1           0  0.07s           2026-04-27T05:24:22
================================================================================
[2026-04-27T05:25:18.250+0000] {manager.py:879} INFO - 
================================================================================
DAG File Processing Stats

File Path                                 PID    Runtime      # DAGs    # Errors  Last Runtime    Last Run
----------------------------------------  -----  ---------  --------  ----------  --------------  -------------------
/opt/airflow/dags/ingest_stock_prices.py                           1           0  0.07s           2026-04-27T05:24:53
================================================================================
[2026-04-27T05:25:48.467+0000] {manager.py:879} INFO - 
================================================================================
DAG File Processing Stats

File Path                                 PID    Runtime      # DAGs    # Errors  Last Runtime    Last Run
----------------------------------------  -----  ---------  --------  ----------  --------------  -------------------
/opt/airflow/dags/ingest_stock_prices.py                           1           0  0.07s           2026-04-27T05:25:23
================================================================================
[2026-04-27T05:26:18.709+0000] {manager.py:879} INFO - 
================================================================================
DAG File Processing Stats

File Path                                 PID    Runtime      # DAGs    # Errors  Last Runtime    Last Run
----------------------------------------  -----  ---------  --------  ----------  --------------  -------------------
/opt/airflow/dags/ingest_stock_prices.py                           1           0  0.09s           2026-04-27T05:25:53
================================================================================
[2026-04-27T05:26:34.291+0000] {manager.py:451} INFO - Exiting gracefully upon receiving signal 15
